WARNING - 2023-07-03 06:08:55 --> [DEPRECATED] Creation of dynamic property App\Controllers\Lokasi::$ModelLokasi is deprecated in APPPATH\Controllers\Lokasi.php on line 11.
 1 SYSTEMPATH\CodeIgniter.php(904): App\Controllers\Lokasi->__construct()
 2 SYSTEMPATH\CodeIgniter.php(488): CodeIgniter\CodeIgniter->createController()
 3 SYSTEMPATH\CodeIgniter.php(366): CodeIgniter\CodeIgniter->handleRequest(null, Object(Config\Cache), false)
 4 FCPATH\index.php(67): CodeIgniter\CodeIgniter->run()
INFO - 2023-07-03 06:08:55 --> Session: Class initialized using 'CodeIgniter\Session\Handlers\FileHandler' driver.
WARNING - 2023-07-03 06:09:05 --> [DEPRECATED] Creation of dynamic property App\Controllers\Lokasi::$ModelLokasi is deprecated in APPPATH\Controllers\Lokasi.php on line 11.
 1 SYSTEMPATH\CodeIgniter.php(904): App\Controllers\Lokasi->__construct()
 2 SYSTEMPATH\CodeIgniter.php(488): CodeIgniter\CodeIgniter->createController()
 3 SYSTEMPATH\CodeIgniter.php(366): CodeIgniter\CodeIgniter->handleRequest(null, Object(Config\Cache), false)
 4 FCPATH\index.php(67): CodeIgniter\CodeIgniter->run()
WARNING - 2023-07-03 06:09:20 --> [DEPRECATED] Creation of dynamic property App\Controllers\Lokasi::$ModelLokasi is deprecated in APPPATH\Controllers\Lokasi.php on line 11.
 1 SYSTEMPATH\CodeIgniter.php(904): App\Controllers\Lokasi->__construct()
 2 SYSTEMPATH\CodeIgniter.php(488): CodeIgniter\CodeIgniter->createController()
 3 SYSTEMPATH\CodeIgniter.php(366): CodeIgniter\CodeIgniter->handleRequest(null, Object(Config\Cache), false)
 4 FCPATH\index.php(67): CodeIgniter\CodeIgniter->run()
INFO - 2023-07-03 06:09:20 --> Session: Class initialized using 'CodeIgniter\Session\Handlers\FileHandler' driver.
WARNING - 2023-07-03 06:16:13 --> [DEPRECATED] Creation of dynamic property App\Controllers\Lokasi::$ModelLokasi is deprecated in APPPATH\Controllers\Lokasi.php on line 11.
 1 SYSTEMPATH\CodeIgniter.php(904): App\Controllers\Lokasi->__construct()
 2 SYSTEMPATH\CodeIgniter.php(488): CodeIgniter\CodeIgniter->createController()
 3 SYSTEMPATH\CodeIgniter.php(366): CodeIgniter\CodeIgniter->handleRequest(null, Object(Config\Cache), false)
 4 FCPATH\index.php(67): CodeIgniter\CodeIgniter->run()
INFO - 2023-07-03 06:16:13 --> Session: Class initialized using 'CodeIgniter\Session\Handlers\FileHandler' driver.
WARNING - 2023-07-03 06:16:21 --> [DEPRECATED] Creation of dynamic property App\Controllers\Lokasi::$ModelLokasi is deprecated in APPPATH\Controllers\Lokasi.php on line 11.
 1 SYSTEMPATH\CodeIgniter.php(904): App\Controllers\Lokasi->__construct()
 2 SYSTEMPATH\CodeIgniter.php(488): CodeIgniter\CodeIgniter->createController()
 3 SYSTEMPATH\CodeIgniter.php(366): CodeIgniter\CodeIgniter->handleRequest(null, Object(Config\Cache), false)
 4 FCPATH\index.php(67): CodeIgniter\CodeIgniter->run()
WARNING - 2023-07-03 06:16:46 --> [DEPRECATED] Creation of dynamic property App\Controllers\Lokasi::$ModelLokasi is deprecated in APPPATH\Controllers\Lokasi.php on line 11.
 1 SYSTEMPATH\CodeIgniter.php(904): App\Controllers\Lokasi->__construct()
 2 SYSTEMPATH\CodeIgniter.php(488): CodeIgniter\CodeIgniter->createController()
 3 SYSTEMPATH\CodeIgniter.php(366): CodeIgniter\CodeIgniter->handleRequest(null, Object(Config\Cache), false)
 4 FCPATH\index.php(67): CodeIgniter\CodeIgniter->run()
CRITICAL - 2023-07-03 07:05:52 --> unlink(C:\xampp\htdocs\ci2\writable\debugbar/debugbar_1688255527.787106.json): No such file or directory
in SYSTEMPATH\Debug\Toolbar\Collectors\History.php on line 76.
 1 [internal function]: CodeIgniter\Debug\Exceptions->errorHandler(2, 'unlink(C:\\xampp\\htdocs\\ci2\\writable\\debugbar/debugbar_1688255527.787106.json): No such file or directory', 'C:\\xampp\\htdocs\\ci2\\system\\Debug\\Toolbar\\Collectors\\History.php', 76)
 2 SYSTEMPATH\Debug\Toolbar\Collectors\History.php(76): unlink('C:\\xampp\\htdocs\\ci2\\writable\\debugbar/debugbar_1688255527.787106.json')
 3 SYSTEMPATH\Debug\Toolbar.php(495): CodeIgniter\Debug\Toolbar\Collectors\History->setFiles('1688367951.181178', 20)
 4 SYSTEMPATH\Debug\Toolbar.php(474): CodeIgniter\Debug\Toolbar->format([...], 'html')
 5 APPPATH\Config\Events.php(46): CodeIgniter\Debug\Toolbar->respond()
 6 SYSTEMPATH\Events\Events.php(149): CodeIgniter\Events\Events::Config\{closure}()
 7 SYSTEMPATH\CodeIgniter.php(348): CodeIgniter\Events\Events::trigger('pre_system')
 8 FCPATH\index.php(67): CodeIgniter\CodeIgniter->run()
WARNING - 2023-07-03 07:05:53 --> [DEPRECATED] Creation of dynamic property App\Controllers\Lokasi::$ModelLokasi is deprecated in APPPATH\Controllers\Lokasi.php on line 11.
 1 SYSTEMPATH\CodeIgniter.php(904): App\Controllers\Lokasi->__construct()
 2 SYSTEMPATH\CodeIgniter.php(488): CodeIgniter\CodeIgniter->createController()
 3 SYSTEMPATH\CodeIgniter.php(366): CodeIgniter\CodeIgniter->handleRequest(null, Object(Config\Cache), false)
 4 FCPATH\index.php(67): CodeIgniter\CodeIgniter->run()
WARNING - 2023-07-03 07:05:54 --> [DEPRECATED] Creation of dynamic property App\Controllers\Lokasi::$ModelLokasi is deprecated in APPPATH\Controllers\Lokasi.php on line 11.
 1 SYSTEMPATH\CodeIgniter.php(904): App\Controllers\Lokasi->__construct()
 2 SYSTEMPATH\CodeIgniter.php(488): CodeIgniter\CodeIgniter->createController()
 3 SYSTEMPATH\CodeIgniter.php(366): CodeIgniter\CodeIgniter->handleRequest(null, Object(Config\Cache), false)
 4 FCPATH\index.php(67): CodeIgniter\CodeIgniter->run()
INFO - 2023-07-03 07:05:54 --> Session: Class initialized using 'CodeIgniter\Session\Handlers\FileHandler' driver.
WARNING - 2023-07-03 07:12:30 --> [DEPRECATED] Creation of dynamic property App\Controllers\Lokasi::$ModelLokasi is deprecated in APPPATH\Controllers\Lokasi.php on line 11.
 1 SYSTEMPATH\CodeIgniter.php(904): App\Controllers\Lokasi->__construct()
 2 SYSTEMPATH\CodeIgniter.php(488): CodeIgniter\CodeIgniter->createController()
 3 SYSTEMPATH\CodeIgniter.php(366): CodeIgniter\CodeIgniter->handleRequest(null, Object(Config\Cache), false)
 4 FCPATH\index.php(67): CodeIgniter\CodeIgniter->run()
INFO - 2023-07-03 07:12:30 --> Session: Class initialized using 'CodeIgniter\Session\Handlers\FileHandler' driver.
WARNING - 2023-07-03 07:13:10 --> [DEPRECATED] Creation of dynamic property App\Controllers\Lokasi::$ModelLokasi is deprecated in APPPATH\Controllers\Lokasi.php on line 11.
 1 SYSTEMPATH\CodeIgniter.php(904): App\Controllers\Lokasi->__construct()
 2 SYSTEMPATH\CodeIgniter.php(488): CodeIgniter\CodeIgniter->createController()
 3 SYSTEMPATH\CodeIgniter.php(366): CodeIgniter\CodeIgniter->handleRequest(null, Object(Config\Cache), false)
 4 FCPATH\index.php(67): CodeIgniter\CodeIgniter->run()
WARNING - 2023-07-03 07:43:57 --> [DEPRECATED] Creation of dynamic property App\Controllers\Lokasi::$ModelLokasi is deprecated in APPPATH\Controllers\Lokasi.php on line 11.
 1 SYSTEMPATH\CodeIgniter.php(904): App\Controllers\Lokasi->__construct()
 2 SYSTEMPATH\CodeIgniter.php(488): CodeIgniter\CodeIgniter->createController()
 3 SYSTEMPATH\CodeIgniter.php(366): CodeIgniter\CodeIgniter->handleRequest(null, Object(Config\Cache), false)
 4 FCPATH\index.php(67): CodeIgniter\CodeIgniter->run()
INFO - 2023-07-03 07:43:57 --> Session: Class initialized using 'CodeIgniter\Session\Handlers\FileHandler' driver.
WARNING - 2023-07-03 07:44:00 --> [DEPRECATED] Creation of dynamic property App\Controllers\Lokasi::$ModelLokasi is deprecated in APPPATH\Controllers\Lokasi.php on line 11.
 1 SYSTEMPATH\CodeIgniter.php(904): App\Controllers\Lokasi->__construct()
 2 SYSTEMPATH\CodeIgniter.php(488): CodeIgniter\CodeIgniter->createController()
 3 SYSTEMPATH\CodeIgniter.php(366): CodeIgniter\CodeIgniter->handleRequest(null, Object(Config\Cache), false)
 4 FCPATH\index.php(67): CodeIgniter\CodeIgniter->run()
WARNING - 2023-07-03 07:44:00 --> [DEPRECATED] Creation of dynamic property App\Controllers\Lokasi::$ModelLokasi is deprecated in APPPATH\Controllers\Lokasi.php on line 11.
 1 SYSTEMPATH\CodeIgniter.php(904): App\Controllers\Lokasi->__construct()
 2 SYSTEMPATH\CodeIgniter.php(488): CodeIgniter\CodeIgniter->createController()
 3 SYSTEMPATH\CodeIgniter.php(366): CodeIgniter\CodeIgniter->handleRequest(null, Object(Config\Cache), false)
 4 FCPATH\index.php(67): CodeIgniter\CodeIgniter->run()
WARNING - 2023-07-03 07:45:24 --> [DEPRECATED] Creation of dynamic property App\Controllers\Lokasi::$ModelLokasi is deprecated in APPPATH\Controllers\Lokasi.php on line 11.
 1 SYSTEMPATH\CodeIgniter.php(904): App\Controllers\Lokasi->__construct()
 2 SYSTEMPATH\CodeIgniter.php(488): CodeIgniter\CodeIgniter->createController()
 3 SYSTEMPATH\CodeIgniter.php(366): CodeIgniter\CodeIgniter->handleRequest(null, Object(Config\Cache), false)
 4 FCPATH\index.php(67): CodeIgniter\CodeIgniter->run()
WARNING - 2023-07-03 07:46:12 --> [DEPRECATED] Creation of dynamic property App\Controllers\Lokasi::$ModelLokasi is deprecated in APPPATH\Controllers\Lokasi.php on line 11.
 1 SYSTEMPATH\CodeIgniter.php(904): App\Controllers\Lokasi->__construct()
 2 SYSTEMPATH\CodeIgniter.php(488): CodeIgniter\CodeIgniter->createController()
 3 SYSTEMPATH\CodeIgniter.php(366): CodeIgniter\CodeIgniter->handleRequest(null, Object(Config\Cache), false)
 4 FCPATH\index.php(67): CodeIgniter\CodeIgniter->run()
WARNING - 2023-07-03 07:55:52 --> [DEPRECATED] Creation of dynamic property App\Controllers\Lokasi::$ModelLokasi is deprecated in APPPATH\Controllers\Lokasi.php on line 11.
 1 SYSTEMPATH\CodeIgniter.php(904): App\Controllers\Lokasi->__construct()
 2 SYSTEMPATH\CodeIgniter.php(488): CodeIgniter\CodeIgniter->createController()
 3 SYSTEMPATH\CodeIgniter.php(366): CodeIgniter\CodeIgniter->handleRequest(null, Object(Config\Cache), false)
 4 FCPATH\index.php(67): CodeIgniter\CodeIgniter->run()
INFO - 2023-07-03 07:55:52 --> Session: Class initialized using 'CodeIgniter\Session\Handlers\FileHandler' driver.
WARNING - 2023-07-03 07:55:57 --> [DEPRECATED] Creation of dynamic property App\Controllers\Lokasi::$ModelLokasi is deprecated in APPPATH\Controllers\Lokasi.php on line 11.
 1 SYSTEMPATH\CodeIgniter.php(904): App\Controllers\Lokasi->__construct()
 2 SYSTEMPATH\CodeIgniter.php(488): CodeIgniter\CodeIgniter->createController()
 3 SYSTEMPATH\CodeIgniter.php(366): CodeIgniter\CodeIgniter->handleRequest(null, Object(Config\Cache), false)
 4 FCPATH\index.php(67): CodeIgniter\CodeIgniter->run()
WARNING - 2023-07-03 08:05:30 --> [DEPRECATED] Creation of dynamic property App\Controllers\Lokasi::$ModelLokasi is deprecated in APPPATH\Controllers\Lokasi.php on line 11.
 1 SYSTEMPATH\CodeIgniter.php(904): App\Controllers\Lokasi->__construct()
 2 SYSTEMPATH\CodeIgniter.php(488): CodeIgniter\CodeIgniter->createController()
 3 SYSTEMPATH\CodeIgniter.php(366): CodeIgniter\CodeIgniter->handleRequest(null, Object(Config\Cache), false)
 4 FCPATH\index.php(67): CodeIgniter\CodeIgniter->run()
WARNING - 2023-07-03 08:06:16 --> [DEPRECATED] Creation of dynamic property App\Controllers\Lokasi::$ModelLokasi is deprecated in APPPATH\Controllers\Lokasi.php on line 11.
 1 SYSTEMPATH\CodeIgniter.php(904): App\Controllers\Lokasi->__construct()
 2 SYSTEMPATH\CodeIgniter.php(488): CodeIgniter\CodeIgniter->createController()
 3 SYSTEMPATH\CodeIgniter.php(366): CodeIgniter\CodeIgniter->handleRequest(null, Object(Config\Cache), false)
 4 FCPATH\index.php(67): CodeIgniter\CodeIgniter->run()
WARNING - 2023-07-03 08:09:24 --> [DEPRECATED] Creation of dynamic property App\Controllers\Lokasi::$ModelLokasi is deprecated in APPPATH\Controllers\Lokasi.php on line 11.
 1 SYSTEMPATH\CodeIgniter.php(904): App\Controllers\Lokasi->__construct()
 2 SYSTEMPATH\CodeIgniter.php(488): CodeIgniter\CodeIgniter->createController()
 3 SYSTEMPATH\CodeIgniter.php(366): CodeIgniter\CodeIgniter->handleRequest(null, Object(Config\Cache), false)
 4 FCPATH\index.php(67): CodeIgniter\CodeIgniter->run()
INFO - 2023-07-03 08:09:24 --> Session: Class initialized using 'CodeIgniter\Session\Handlers\FileHandler' driver.
WARNING - 2023-07-03 08:35:58 --> [DEPRECATED] Creation of dynamic property App\Controllers\Lokasi::$ModelLokasi is deprecated in APPPATH\Controllers\Lokasi.php on line 11.
 1 SYSTEMPATH\CodeIgniter.php(904): App\Controllers\Lokasi->__construct()
 2 SYSTEMPATH\CodeIgniter.php(488): CodeIgniter\CodeIgniter->createController()
 3 SYSTEMPATH\CodeIgniter.php(366): CodeIgniter\CodeIgniter->handleRequest(null, Object(Config\Cache), false)
 4 FCPATH\index.php(67): CodeIgniter\CodeIgniter->run()
WARNING - 2023-07-03 08:44:24 --> [DEPRECATED] Creation of dynamic property App\Controllers\Lokasi::$ModelLokasi is deprecated in APPPATH\Controllers\Lokasi.php on line 11.
 1 SYSTEMPATH\CodeIgniter.php(904): App\Controllers\Lokasi->__construct()
 2 SYSTEMPATH\CodeIgniter.php(488): CodeIgniter\CodeIgniter->createController()
 3 SYSTEMPATH\CodeIgniter.php(366): CodeIgniter\CodeIgniter->handleRequest(null, Object(Config\Cache), false)
 4 FCPATH\index.php(67): CodeIgniter\CodeIgniter->run()
WARNING - 2023-07-03 09:51:03 --> [DEPRECATED] Creation of dynamic property App\Controllers\Lokasi::$ModelLokasi is deprecated in APPPATH\Controllers\Lokasi.php on line 11.
 1 SYSTEMPATH\CodeIgniter.php(904): App\Controllers\Lokasi->__construct()
 2 SYSTEMPATH\CodeIgniter.php(488): CodeIgniter\CodeIgniter->createController()
 3 SYSTEMPATH\CodeIgniter.php(366): CodeIgniter\CodeIgniter->handleRequest(null, Object(Config\Cache), false)
 4 FCPATH\index.php(67): CodeIgniter\CodeIgniter->run()
WARNING - 2023-07-03 12:03:08 --> [DEPRECATED] Creation of dynamic property App\Controllers\Lokasi::$ModelLokasi is deprecated in APPPATH\Controllers\Lokasi.php on line 11.
 1 SYSTEMPATH\CodeIgniter.php(904): App\Controllers\Lokasi->__construct()
 2 SYSTEMPATH\CodeIgniter.php(488): CodeIgniter\CodeIgniter->createController()
 3 SYSTEMPATH\CodeIgniter.php(366): CodeIgniter\CodeIgniter->handleRequest(null, Object(Config\Cache), false)
 4 FCPATH\index.php(67): CodeIgniter\CodeIgniter->run()
WARNING - 2023-07-03 12:04:35 --> [DEPRECATED] Creation of dynamic property App\Controllers\Lokasi::$ModelLokasi is deprecated in APPPATH\Controllers\Lokasi.php on line 11.
 1 SYSTEMPATH\CodeIgniter.php(904): App\Controllers\Lokasi->__construct()
 2 SYSTEMPATH\CodeIgniter.php(488): CodeIgniter\CodeIgniter->createController()
 3 SYSTEMPATH\CodeIgniter.php(366): CodeIgniter\CodeIgniter->handleRequest(null, Object(Config\Cache), false)
 4 FCPATH\index.php(67): CodeIgniter\CodeIgniter->run()
WARNING - 2023-07-03 12:06:50 --> [DEPRECATED] Creation of dynamic property App\Controllers\Lokasi::$ModelLokasi is deprecated in APPPATH\Controllers\Lokasi.php on line 11.
 1 SYSTEMPATH\CodeIgniter.php(904): App\Controllers\Lokasi->__construct()
 2 SYSTEMPATH\CodeIgniter.php(488): CodeIgniter\CodeIgniter->createController()
 3 SYSTEMPATH\CodeIgniter.php(366): CodeIgniter\CodeIgniter->handleRequest(null, Object(Config\Cache), false)
 4 FCPATH\index.php(67): CodeIgniter\CodeIgniter->run()
WARNING - 2023-07-03 12:14:45 --> [DEPRECATED] Creation of dynamic property App\Controllers\Lokasi::$ModelLokasi is deprecated in APPPATH\Controllers\Lokasi.php on line 11.
 1 SYSTEMPATH\CodeIgniter.php(904): App\Controllers\Lokasi->__construct()
 2 SYSTEMPATH\CodeIgniter.php(488): CodeIgniter\CodeIgniter->createController()
 3 SYSTEMPATH\CodeIgniter.php(366): CodeIgniter\CodeIgniter->handleRequest(null, Object(Config\Cache), false)
 4 FCPATH\index.php(67): CodeIgniter\CodeIgniter->run()
WARNING - 2023-07-03 12:17:25 --> [DEPRECATED] Creation of dynamic property App\Controllers\Lokasi::$ModelLokasi is deprecated in APPPATH\Controllers\Lokasi.php on line 11.
 1 SYSTEMPATH\CodeIgniter.php(904): App\Controllers\Lokasi->__construct()
 2 SYSTEMPATH\CodeIgniter.php(488): CodeIgniter\CodeIgniter->createController()
 3 SYSTEMPATH\CodeIgniter.php(366): CodeIgniter\CodeIgniter->handleRequest(null, Object(Config\Cache), false)
 4 FCPATH\index.php(67): CodeIgniter\CodeIgniter->run()
WARNING - 2023-07-03 12:17:50 --> [DEPRECATED] Creation of dynamic property App\Controllers\Lokasi::$ModelLokasi is deprecated in APPPATH\Controllers\Lokasi.php on line 11.
 1 SYSTEMPATH\CodeIgniter.php(904): App\Controllers\Lokasi->__construct()
 2 SYSTEMPATH\CodeIgniter.php(488): CodeIgniter\CodeIgniter->createController()
 3 SYSTEMPATH\CodeIgniter.php(366): CodeIgniter\CodeIgniter->handleRequest(null, Object(Config\Cache), false)
 4 FCPATH\index.php(67): CodeIgniter\CodeIgniter->run()
WARNING - 2023-07-03 12:31:53 --> [DEPRECATED] Creation of dynamic property App\Controllers\Lokasi::$ModelLokasi is deprecated in APPPATH\Controllers\Lokasi.php on line 11.
 1 SYSTEMPATH\CodeIgniter.php(904): App\Controllers\Lokasi->__construct()
 2 SYSTEMPATH\CodeIgniter.php(488): CodeIgniter\CodeIgniter->createController()
 3 SYSTEMPATH\CodeIgniter.php(366): CodeIgniter\CodeIgniter->handleRequest(null, Object(Config\Cache), false)
 4 FCPATH\index.php(67): CodeIgniter\CodeIgniter->run()
WARNING - 2023-07-03 12:34:54 --> [DEPRECATED] Creation of dynamic property App\Controllers\Lokasi::$ModelLokasi is deprecated in APPPATH\Controllers\Lokasi.php on line 11.
 1 SYSTEMPATH\CodeIgniter.php(904): App\Controllers\Lokasi->__construct()
 2 SYSTEMPATH\CodeIgniter.php(488): CodeIgniter\CodeIgniter->createController()
 3 SYSTEMPATH\CodeIgniter.php(366): CodeIgniter\CodeIgniter->handleRequest(null, Object(Config\Cache), false)
 4 FCPATH\index.php(67): CodeIgniter\CodeIgniter->run()
WARNING - 2023-07-03 12:35:20 --> [DEPRECATED] Creation of dynamic property App\Controllers\Lokasi::$ModelLokasi is deprecated in APPPATH\Controllers\Lokasi.php on line 11.
 1 SYSTEMPATH\CodeIgniter.php(904): App\Controllers\Lokasi->__construct()
 2 SYSTEMPATH\CodeIgniter.php(488): CodeIgniter\CodeIgniter->createController()
 3 SYSTEMPATH\CodeIgniter.php(366): CodeIgniter\CodeIgniter->handleRequest(null, Object(Config\Cache), false)
 4 FCPATH\index.php(67): CodeIgniter\CodeIgniter->run()
WARNING - 2023-07-03 12:40:44 --> [DEPRECATED] Creation of dynamic property App\Controllers\Lokasi::$ModelLokasi is deprecated in APPPATH\Controllers\Lokasi.php on line 11.
 1 SYSTEMPATH\CodeIgniter.php(904): App\Controllers\Lokasi->__construct()
 2 SYSTEMPATH\CodeIgniter.php(488): CodeIgniter\CodeIgniter->createController()
 3 SYSTEMPATH\CodeIgniter.php(366): CodeIgniter\CodeIgniter->handleRequest(null, Object(Config\Cache), false)
 4 FCPATH\index.php(67): CodeIgniter\CodeIgniter->run()
WARNING - 2023-07-03 12:45:54 --> [DEPRECATED] Creation of dynamic property App\Controllers\Lokasi::$ModelLokasi is deprecated in APPPATH\Controllers\Lokasi.php on line 11.
 1 SYSTEMPATH\CodeIgniter.php(904): App\Controllers\Lokasi->__construct()
 2 SYSTEMPATH\CodeIgniter.php(488): CodeIgniter\CodeIgniter->createController()
 3 SYSTEMPATH\CodeIgniter.php(366): CodeIgniter\CodeIgniter->handleRequest(null, Object(Config\Cache), false)
 4 FCPATH\index.php(67): CodeIgniter\CodeIgniter->run()
WARNING - 2023-07-03 13:08:13 --> [DEPRECATED] Creation of dynamic property App\Controllers\Lokasi::$ModelLokasi is deprecated in APPPATH\Controllers\Lokasi.php on line 11.
 1 SYSTEMPATH\CodeIgniter.php(904): App\Controllers\Lokasi->__construct()
 2 SYSTEMPATH\CodeIgniter.php(488): CodeIgniter\CodeIgniter->createController()
 3 SYSTEMPATH\CodeIgniter.php(366): CodeIgniter\CodeIgniter->handleRequest(null, Object(Config\Cache), false)
 4 FCPATH\index.php(67): CodeIgniter\CodeIgniter->run()
WARNING - 2023-07-03 13:23:28 --> [DEPRECATED] Creation of dynamic property App\Controllers\Lokasi::$ModelLokasi is deprecated in APPPATH\Controllers\Lokasi.php on line 11.
 1 SYSTEMPATH\CodeIgniter.php(904): App\Controllers\Lokasi->__construct()
 2 SYSTEMPATH\CodeIgniter.php(488): CodeIgniter\CodeIgniter->createController()
 3 SYSTEMPATH\CodeIgniter.php(366): CodeIgniter\CodeIgniter->handleRequest(null, Object(Config\Cache), false)
 4 FCPATH\index.php(67): CodeIgniter\CodeIgniter->run()
WARNING - 2023-07-03 13:25:20 --> [DEPRECATED] Creation of dynamic property App\Controllers\Lokasi::$ModelLokasi is deprecated in APPPATH\Controllers\Lokasi.php on line 11.
 1 SYSTEMPATH\CodeIgniter.php(904): App\Controllers\Lokasi->__construct()
 2 SYSTEMPATH\CodeIgniter.php(488): CodeIgniter\CodeIgniter->createController()
 3 SYSTEMPATH\CodeIgniter.php(366): CodeIgniter\CodeIgniter->handleRequest(null, Object(Config\Cache), false)
 4 FCPATH\index.php(67): CodeIgniter\CodeIgniter->run()
WARNING - 2023-07-03 13:26:36 --> [DEPRECATED] Creation of dynamic property App\Controllers\Lokasi::$ModelLokasi is deprecated in APPPATH\Controllers\Lokasi.php on line 11.
 1 SYSTEMPATH\CodeIgniter.php(904): App\Controllers\Lokasi->__construct()
 2 SYSTEMPATH\CodeIgniter.php(488): CodeIgniter\CodeIgniter->createController()
 3 SYSTEMPATH\CodeIgniter.php(366): CodeIgniter\CodeIgniter->handleRequest(null, Object(Config\Cache), false)
 4 FCPATH\index.php(67): CodeIgniter\CodeIgniter->run()
WARNING - 2023-07-03 13:27:40 --> [DEPRECATED] Creation of dynamic property App\Controllers\Lokasi::$ModelLokasi is deprecated in APPPATH\Controllers\Lokasi.php on line 11.
 1 SYSTEMPATH\CodeIgniter.php(904): App\Controllers\Lokasi->__construct()
 2 SYSTEMPATH\CodeIgniter.php(488): CodeIgniter\CodeIgniter->createController()
 3 SYSTEMPATH\CodeIgniter.php(366): CodeIgniter\CodeIgniter->handleRequest(null, Object(Config\Cache), false)
 4 FCPATH\index.php(67): CodeIgniter\CodeIgniter->run()
WARNING - 2023-07-03 13:28:01 --> [DEPRECATED] Creation of dynamic property App\Controllers\Lokasi::$ModelLokasi is deprecated in APPPATH\Controllers\Lokasi.php on line 11.
 1 SYSTEMPATH\CodeIgniter.php(904): App\Controllers\Lokasi->__construct()
 2 SYSTEMPATH\CodeIgniter.php(488): CodeIgniter\CodeIgniter->createController()
 3 SYSTEMPATH\CodeIgniter.php(366): CodeIgniter\CodeIgniter->handleRequest(null, Object(Config\Cache), false)
 4 FCPATH\index.php(67): CodeIgniter\CodeIgniter->run()
WARNING - 2023-07-03 13:39:50 --> [DEPRECATED] Creation of dynamic property App\Controllers\Lokasi::$ModelLokasi is deprecated in APPPATH\Controllers\Lokasi.php on line 11.
 1 SYSTEMPATH\CodeIgniter.php(904): App\Controllers\Lokasi->__construct()
 2 SYSTEMPATH\CodeIgniter.php(488): CodeIgniter\CodeIgniter->createController()
 3 SYSTEMPATH\CodeIgniter.php(366): CodeIgniter\CodeIgniter->handleRequest(null, Object(Config\Cache), false)
 4 FCPATH\index.php(67): CodeIgniter\CodeIgniter->run()
WARNING - 2023-07-03 13:41:01 --> [DEPRECATED] Creation of dynamic property App\Controllers\Lokasi::$ModelLokasi is deprecated in APPPATH\Controllers\Lokasi.php on line 11.
 1 SYSTEMPATH\CodeIgniter.php(904): App\Controllers\Lokasi->__construct()
 2 SYSTEMPATH\CodeIgniter.php(488): CodeIgniter\CodeIgniter->createController()
 3 SYSTEMPATH\CodeIgniter.php(366): CodeIgniter\CodeIgniter->handleRequest(null, Object(Config\Cache), false)
 4 FCPATH\index.php(67): CodeIgniter\CodeIgniter->run()
WARNING - 2023-07-03 13:52:05 --> [DEPRECATED] Creation of dynamic property App\Controllers\Lokasi::$ModelLokasi is deprecated in APPPATH\Controllers\Lokasi.php on line 11.
 1 SYSTEMPATH\CodeIgniter.php(904): App\Controllers\Lokasi->__construct()
 2 SYSTEMPATH\CodeIgniter.php(488): CodeIgniter\CodeIgniter->createController()
 3 SYSTEMPATH\CodeIgniter.php(366): CodeIgniter\CodeIgniter->handleRequest(null, Object(Config\Cache), false)
 4 FCPATH\index.php(67): CodeIgniter\CodeIgniter->run()
WARNING - 2023-07-03 13:52:23 --> [DEPRECATED] Creation of dynamic property App\Controllers\Lokasi::$ModelLokasi is deprecated in APPPATH\Controllers\Lokasi.php on line 11.
 1 SYSTEMPATH\CodeIgniter.php(904): App\Controllers\Lokasi->__construct()
 2 SYSTEMPATH\CodeIgniter.php(488): CodeIgniter\CodeIgniter->createController()
 3 SYSTEMPATH\CodeIgniter.php(366): CodeIgniter\CodeIgniter->handleRequest(null, Object(Config\Cache), false)
 4 FCPATH\index.php(67): CodeIgniter\CodeIgniter->run()
WARNING - 2023-07-03 13:56:21 --> [DEPRECATED] Creation of dynamic property App\Controllers\Lokasi::$ModelLokasi is deprecated in APPPATH\Controllers\Lokasi.php on line 11.
 1 SYSTEMPATH\CodeIgniter.php(904): App\Controllers\Lokasi->__construct()
 2 SYSTEMPATH\CodeIgniter.php(488): CodeIgniter\CodeIgniter->createController()
 3 SYSTEMPATH\CodeIgniter.php(366): CodeIgniter\CodeIgniter->handleRequest(null, Object(Config\Cache), false)
 4 FCPATH\index.php(67): CodeIgniter\CodeIgniter->run()
WARNING - 2023-07-03 13:58:06 --> [DEPRECATED] Creation of dynamic property App\Controllers\Lokasi::$ModelLokasi is deprecated in APPPATH\Controllers\Lokasi.php on line 11.
 1 SYSTEMPATH\CodeIgniter.php(904): App\Controllers\Lokasi->__construct()
 2 SYSTEMPATH\CodeIgniter.php(488): CodeIgniter\CodeIgniter->createController()
 3 SYSTEMPATH\CodeIgniter.php(366): CodeIgniter\CodeIgniter->handleRequest(null, Object(Config\Cache), false)
 4 FCPATH\index.php(67): CodeIgniter\CodeIgniter->run()
WARNING - 2023-07-03 13:58:55 --> [DEPRECATED] Creation of dynamic property App\Controllers\Lokasi::$ModelLokasi is deprecated in APPPATH\Controllers\Lokasi.php on line 11.
 1 SYSTEMPATH\CodeIgniter.php(904): App\Controllers\Lokasi->__construct()
 2 SYSTEMPATH\CodeIgniter.php(488): CodeIgniter\CodeIgniter->createController()
 3 SYSTEMPATH\CodeIgniter.php(366): CodeIgniter\CodeIgniter->handleRequest(null, Object(Config\Cache), false)
 4 FCPATH\index.php(67): CodeIgniter\CodeIgniter->run()
WARNING - 2023-07-03 13:59:36 --> [DEPRECATED] Creation of dynamic property App\Controllers\Lokasi::$ModelLokasi is deprecated in APPPATH\Controllers\Lokasi.php on line 11.
 1 SYSTEMPATH\CodeIgniter.php(904): App\Controllers\Lokasi->__construct()
 2 SYSTEMPATH\CodeIgniter.php(488): CodeIgniter\CodeIgniter->createController()
 3 SYSTEMPATH\CodeIgniter.php(366): CodeIgniter\CodeIgniter->handleRequest(null, Object(Config\Cache), false)
 4 FCPATH\index.php(67): CodeIgniter\CodeIgniter->run()
INFO - 2023-07-03 13:59:36 --> Session: Class initialized using 'CodeIgniter\Session\Handlers\FileHandler' driver.
WARNING - 2023-07-03 14:00:17 --> [DEPRECATED] Creation of dynamic property App\Controllers\Lokasi::$ModelLokasi is deprecated in APPPATH\Controllers\Lokasi.php on line 11.
 1 SYSTEMPATH\CodeIgniter.php(904): App\Controllers\Lokasi->__construct()
 2 SYSTEMPATH\CodeIgniter.php(488): CodeIgniter\CodeIgniter->createController()
 3 SYSTEMPATH\CodeIgniter.php(366): CodeIgniter\CodeIgniter->handleRequest(null, Object(Config\Cache), false)
 4 FCPATH\index.php(67): CodeIgniter\CodeIgniter->run()
INFO - 2023-07-03 14:00:18 --> Session: Class initialized using 'CodeIgniter\Session\Handlers\FileHandler' driver.
WARNING - 2023-07-03 14:00:18 --> [DEPRECATED] Creation of dynamic property App\Controllers\Lokasi::$ModelLokasi is deprecated in APPPATH\Controllers\Lokasi.php on line 11.
 1 SYSTEMPATH\CodeIgniter.php(904): App\Controllers\Lokasi->__construct()
 2 SYSTEMPATH\CodeIgniter.php(488): CodeIgniter\CodeIgniter->createController()
 3 SYSTEMPATH\CodeIgniter.php(366): CodeIgniter\CodeIgniter->handleRequest(null, Object(Config\Cache), false)
 4 FCPATH\index.php(67): CodeIgniter\CodeIgniter->run()
INFO - 2023-07-03 14:00:18 --> Session: Class initialized using 'CodeIgniter\Session\Handlers\FileHandler' driver.
WARNING - 2023-07-03 14:00:22 --> [DEPRECATED] Creation of dynamic property App\Controllers\Lokasi::$ModelLokasi is deprecated in APPPATH\Controllers\Lokasi.php on line 11.
 1 SYSTEMPATH\CodeIgniter.php(904): App\Controllers\Lokasi->__construct()
 2 SYSTEMPATH\CodeIgniter.php(488): CodeIgniter\CodeIgniter->createController()
 3 SYSTEMPATH\CodeIgniter.php(366): CodeIgniter\CodeIgniter->handleRequest(null, Object(Config\Cache), false)
 4 FCPATH\index.php(67): CodeIgniter\CodeIgniter->run()
WARNING - 2023-07-03 14:02:02 --> [DEPRECATED] Creation of dynamic property App\Controllers\Lokasi::$ModelLokasi is deprecated in APPPATH\Controllers\Lokasi.php on line 11.
 1 SYSTEMPATH\CodeIgniter.php(904): App\Controllers\Lokasi->__construct()
 2 SYSTEMPATH\CodeIgniter.php(488): CodeIgniter\CodeIgniter->createController()
 3 SYSTEMPATH\CodeIgniter.php(366): CodeIgniter\CodeIgniter->handleRequest(null, Object(Config\Cache), false)
 4 FCPATH\index.php(67): CodeIgniter\CodeIgniter->run()
WARNING - 2023-07-03 14:07:30 --> [DEPRECATED] Creation of dynamic property App\Controllers\Lokasi::$ModelLokasi is deprecated in APPPATH\Controllers\Lokasi.php on line 11.
 1 SYSTEMPATH\CodeIgniter.php(904): App\Controllers\Lokasi->__construct()
 2 SYSTEMPATH\CodeIgniter.php(488): CodeIgniter\CodeIgniter->createController()
 3 SYSTEMPATH\CodeIgniter.php(366): CodeIgniter\CodeIgniter->handleRequest(null, Object(Config\Cache), false)
 4 FCPATH\index.php(67): CodeIgniter\CodeIgniter->run()
WARNING - 2023-07-03 15:06:26 --> [DEPRECATED] Creation of dynamic property App\Controllers\Lokasi::$ModelLokasi is deprecated in APPPATH\Controllers\Lokasi.php on line 11.
 1 SYSTEMPATH\CodeIgniter.php(904): App\Controllers\Lokasi->__construct()
 2 SYSTEMPATH\CodeIgniter.php(488): CodeIgniter\CodeIgniter->createController()
 3 SYSTEMPATH\CodeIgniter.php(366): CodeIgniter\CodeIgniter->handleRequest(null, Object(Config\Cache), false)
 4 FCPATH\index.php(67): CodeIgniter\CodeIgniter->run()
WARNING - 2023-07-03 15:07:25 --> [DEPRECATED] Creation of dynamic property App\Controllers\Lokasi::$ModelLokasi is deprecated in APPPATH\Controllers\Lokasi.php on line 11.
 1 SYSTEMPATH\CodeIgniter.php(904): App\Controllers\Lokasi->__construct()
 2 SYSTEMPATH\CodeIgniter.php(488): CodeIgniter\CodeIgniter->createController()
 3 SYSTEMPATH\CodeIgniter.php(366): CodeIgniter\CodeIgniter->handleRequest(null, Object(Config\Cache), false)
 4 FCPATH\index.php(67): CodeIgniter\CodeIgniter->run()
WARNING - 2023-07-03 15:08:19 --> [DEPRECATED] Creation of dynamic property App\Controllers\Lokasi::$ModelLokasi is deprecated in APPPATH\Controllers\Lokasi.php on line 11.
 1 SYSTEMPATH\CodeIgniter.php(904): App\Controllers\Lokasi->__construct()
 2 SYSTEMPATH\CodeIgniter.php(488): CodeIgniter\CodeIgniter->createController()
 3 SYSTEMPATH\CodeIgniter.php(366): CodeIgniter\CodeIgniter->handleRequest(null, Object(Config\Cache), false)
 4 FCPATH\index.php(67): CodeIgniter\CodeIgniter->run()
WARNING - 2023-07-03 15:09:23 --> [DEPRECATED] Creation of dynamic property App\Controllers\Lokasi::$ModelLokasi is deprecated in APPPATH\Controllers\Lokasi.php on line 11.
 1 SYSTEMPATH\CodeIgniter.php(904): App\Controllers\Lokasi->__construct()
 2 SYSTEMPATH\CodeIgniter.php(488): CodeIgniter\CodeIgniter->createController()
 3 SYSTEMPATH\CodeIgniter.php(366): CodeIgniter\CodeIgniter->handleRequest(null, Object(Config\Cache), false)
 4 FCPATH\index.php(67): CodeIgniter\CodeIgniter->run()
WARNING - 2023-07-03 15:13:58 --> [DEPRECATED] Creation of dynamic property App\Controllers\Lokasi::$ModelLokasi is deprecated in APPPATH\Controllers\Lokasi.php on line 11.
 1 SYSTEMPATH\CodeIgniter.php(904): App\Controllers\Lokasi->__construct()
 2 SYSTEMPATH\CodeIgniter.php(488): CodeIgniter\CodeIgniter->createController()
 3 SYSTEMPATH\CodeIgniter.php(366): CodeIgniter\CodeIgniter->handleRequest(null, Object(Config\Cache), false)
 4 FCPATH\index.php(67): CodeIgniter\CodeIgniter->run()
WARNING - 2023-07-03 15:14:40 --> [DEPRECATED] Creation of dynamic property App\Controllers\Lokasi::$ModelLokasi is deprecated in APPPATH\Controllers\Lokasi.php on line 11.
 1 SYSTEMPATH\CodeIgniter.php(904): App\Controllers\Lokasi->__construct()
 2 SYSTEMPATH\CodeIgniter.php(488): CodeIgniter\CodeIgniter->createController()
 3 SYSTEMPATH\CodeIgniter.php(366): CodeIgniter\CodeIgniter->handleRequest(null, Object(Config\Cache), false)
 4 FCPATH\index.php(67): CodeIgniter\CodeIgniter->run()
INFO - 2023-07-03 15:14:40 --> Session: Class initialized using 'CodeIgniter\Session\Handlers\FileHandler' driver.
WARNING - 2023-07-03 15:15:17 --> [DEPRECATED] Creation of dynamic property App\Controllers\Lokasi::$ModelLokasi is deprecated in APPPATH\Controllers\Lokasi.php on line 11.
 1 SYSTEMPATH\CodeIgniter.php(904): App\Controllers\Lokasi->__construct()
 2 SYSTEMPATH\CodeIgniter.php(488): CodeIgniter\CodeIgniter->createController()
 3 SYSTEMPATH\CodeIgniter.php(366): CodeIgniter\CodeIgniter->handleRequest(null, Object(Config\Cache), false)
 4 FCPATH\index.php(67): CodeIgniter\CodeIgniter->run()
INFO - 2023-07-03 15:15:17 --> Session: Class initialized using 'CodeIgniter\Session\Handlers\FileHandler' driver.
WARNING - 2023-07-03 15:15:18 --> [DEPRECATED] Creation of dynamic property App\Controllers\Lokasi::$ModelLokasi is deprecated in APPPATH\Controllers\Lokasi.php on line 11.
 1 SYSTEMPATH\CodeIgniter.php(904): App\Controllers\Lokasi->__construct()
 2 SYSTEMPATH\CodeIgniter.php(488): CodeIgniter\CodeIgniter->createController()
 3 SYSTEMPATH\CodeIgniter.php(366): CodeIgniter\CodeIgniter->handleRequest(null, Object(Config\Cache), false)
 4 FCPATH\index.php(67): CodeIgniter\CodeIgniter->run()
INFO - 2023-07-03 15:15:18 --> Session: Class initialized using 'CodeIgniter\Session\Handlers\FileHandler' driver.
WARNING - 2023-07-03 15:15:22 --> [DEPRECATED] Creation of dynamic property App\Controllers\Lokasi::$ModelLokasi is deprecated in APPPATH\Controllers\Lokasi.php on line 11.
 1 SYSTEMPATH\CodeIgniter.php(904): App\Controllers\Lokasi->__construct()
 2 SYSTEMPATH\CodeIgniter.php(488): CodeIgniter\CodeIgniter->createController()
 3 SYSTEMPATH\CodeIgniter.php(366): CodeIgniter\CodeIgniter->handleRequest(null, Object(Config\Cache), false)
 4 FCPATH\index.php(67): CodeIgniter\CodeIgniter->run()
WARNING - 2023-07-03 15:16:00 --> [DEPRECATED] Creation of dynamic property App\Controllers\Lokasi::$ModelLokasi is deprecated in APPPATH\Controllers\Lokasi.php on line 11.
 1 SYSTEMPATH\CodeIgniter.php(904): App\Controllers\Lokasi->__construct()
 2 SYSTEMPATH\CodeIgniter.php(488): CodeIgniter\CodeIgniter->createController()
 3 SYSTEMPATH\CodeIgniter.php(366): CodeIgniter\CodeIgniter->handleRequest(null, Object(Config\Cache), false)
 4 FCPATH\index.php(67): CodeIgniter\CodeIgniter->run()
WARNING - 2023-07-03 15:16:42 --> [DEPRECATED] Creation of dynamic property App\Controllers\Lokasi::$ModelLokasi is deprecated in APPPATH\Controllers\Lokasi.php on line 11.
 1 SYSTEMPATH\CodeIgniter.php(904): App\Controllers\Lokasi->__construct()
 2 SYSTEMPATH\CodeIgniter.php(488): CodeIgniter\CodeIgniter->createController()
 3 SYSTEMPATH\CodeIgniter.php(366): CodeIgniter\CodeIgniter->handleRequest(null, Object(Config\Cache), false)
 4 FCPATH\index.php(67): CodeIgniter\CodeIgniter->run()
WARNING - 2023-07-03 15:19:07 --> [DEPRECATED] Creation of dynamic property App\Controllers\Lokasi::$ModelLokasi is deprecated in APPPATH\Controllers\Lokasi.php on line 11.
 1 SYSTEMPATH\CodeIgniter.php(904): App\Controllers\Lokasi->__construct()
 2 SYSTEMPATH\CodeIgniter.php(488): CodeIgniter\CodeIgniter->createController()
 3 SYSTEMPATH\CodeIgniter.php(366): CodeIgniter\CodeIgniter->handleRequest(null, Object(Config\Cache), false)
 4 FCPATH\index.php(67): CodeIgniter\CodeIgniter->run()
WARNING - 2023-07-03 15:23:13 --> [DEPRECATED] Creation of dynamic property App\Controllers\Lokasi::$ModelLokasi is deprecated in APPPATH\Controllers\Lokasi.php on line 11.
 1 SYSTEMPATH\CodeIgniter.php(904): App\Controllers\Lokasi->__construct()
 2 SYSTEMPATH\CodeIgniter.php(488): CodeIgniter\CodeIgniter->createController()
 3 SYSTEMPATH\CodeIgniter.php(366): CodeIgniter\CodeIgniter->handleRequest(null, Object(Config\Cache), false)
 4 FCPATH\index.php(67): CodeIgniter\CodeIgniter->run()
INFO - 2023-07-03 15:23:13 --> Session: Class initialized using 'CodeIgniter\Session\Handlers\FileHandler' driver.
WARNING - 2023-07-03 15:23:13 --> [DEPRECATED] Creation of dynamic property App\Controllers\Lokasi::$ModelLokasi is deprecated in APPPATH\Controllers\Lokasi.php on line 11.
 1 SYSTEMPATH\CodeIgniter.php(904): App\Controllers\Lokasi->__construct()
 2 SYSTEMPATH\CodeIgniter.php(488): CodeIgniter\CodeIgniter->createController()
 3 SYSTEMPATH\CodeIgniter.php(366): CodeIgniter\CodeIgniter->handleRequest(null, Object(Config\Cache), false)
 4 FCPATH\index.php(67): CodeIgniter\CodeIgniter->run()
INFO - 2023-07-03 15:23:13 --> Session: Class initialized using 'CodeIgniter\Session\Handlers\FileHandler' driver.
WARNING - 2023-07-03 15:23:17 --> [DEPRECATED] Creation of dynamic property App\Controllers\Lokasi::$ModelLokasi is deprecated in APPPATH\Controllers\Lokasi.php on line 11.
 1 SYSTEMPATH\CodeIgniter.php(904): App\Controllers\Lokasi->__construct()
 2 SYSTEMPATH\CodeIgniter.php(488): CodeIgniter\CodeIgniter->createController()
 3 SYSTEMPATH\CodeIgniter.php(366): CodeIgniter\CodeIgniter->handleRequest(null, Object(Config\Cache), false)
 4 FCPATH\index.php(67): CodeIgniter\CodeIgniter->run()
WARNING - 2023-07-03 15:24:56 --> [DEPRECATED] Creation of dynamic property App\Controllers\Lokasi::$ModelLokasi is deprecated in APPPATH\Controllers\Lokasi.php on line 11.
 1 SYSTEMPATH\CodeIgniter.php(904): App\Controllers\Lokasi->__construct()
 2 SYSTEMPATH\CodeIgniter.php(488): CodeIgniter\CodeIgniter->createController()
 3 SYSTEMPATH\CodeIgniter.php(366): CodeIgniter\CodeIgniter->handleRequest(null, Object(Config\Cache), false)
 4 FCPATH\index.php(67): CodeIgniter\CodeIgniter->run()
WARNING - 2023-07-03 15:34:12 --> [DEPRECATED] Creation of dynamic property App\Controllers\Lokasi::$ModelLokasi is deprecated in APPPATH\Controllers\Lokasi.php on line 11.
 1 SYSTEMPATH\CodeIgniter.php(904): App\Controllers\Lokasi->__construct()
 2 SYSTEMPATH\CodeIgniter.php(488): CodeIgniter\CodeIgniter->createController()
 3 SYSTEMPATH\CodeIgniter.php(366): CodeIgniter\CodeIgniter->handleRequest(null, Object(Config\Cache), false)
 4 FCPATH\index.php(67): CodeIgniter\CodeIgniter->run()
WARNING - 2023-07-03 15:34:41 --> [DEPRECATED] Creation of dynamic property App\Controllers\Lokasi::$ModelLokasi is deprecated in APPPATH\Controllers\Lokasi.php on line 11.
 1 SYSTEMPATH\CodeIgniter.php(904): App\Controllers\Lokasi->__construct()
 2 SYSTEMPATH\CodeIgniter.php(488): CodeIgniter\CodeIgniter->createController()
 3 SYSTEMPATH\CodeIgniter.php(366): CodeIgniter\CodeIgniter->handleRequest(null, Object(Config\Cache), false)
 4 FCPATH\index.php(67): CodeIgniter\CodeIgniter->run()
WARNING - 2023-07-03 15:36:18 --> [DEPRECATED] Creation of dynamic property App\Controllers\Lokasi::$ModelLokasi is deprecated in APPPATH\Controllers\Lokasi.php on line 11.
 1 SYSTEMPATH\CodeIgniter.php(904): App\Controllers\Lokasi->__construct()
 2 SYSTEMPATH\CodeIgniter.php(488): CodeIgniter\CodeIgniter->createController()
 3 SYSTEMPATH\CodeIgniter.php(366): CodeIgniter\CodeIgniter->handleRequest(null, Object(Config\Cache), false)
 4 FCPATH\index.php(67): CodeIgniter\CodeIgniter->run()
WARNING - 2023-07-03 15:39:23 --> [DEPRECATED] Creation of dynamic property App\Controllers\Lokasi::$ModelLokasi is deprecated in APPPATH\Controllers\Lokasi.php on line 11.
 1 SYSTEMPATH\CodeIgniter.php(904): App\Controllers\Lokasi->__construct()
 2 SYSTEMPATH\CodeIgniter.php(488): CodeIgniter\CodeIgniter->createController()
 3 SYSTEMPATH\CodeIgniter.php(366): CodeIgniter\CodeIgniter->handleRequest(null, Object(Config\Cache), false)
 4 FCPATH\index.php(67): CodeIgniter\CodeIgniter->run()
WARNING - 2023-07-03 15:43:52 --> [DEPRECATED] Creation of dynamic property App\Controllers\Lokasi::$ModelLokasi is deprecated in APPPATH\Controllers\Lokasi.php on line 11.
 1 SYSTEMPATH\CodeIgniter.php(904): App\Controllers\Lokasi->__construct()
 2 SYSTEMPATH\CodeIgniter.php(488): CodeIgniter\CodeIgniter->createController()
 3 SYSTEMPATH\CodeIgniter.php(366): CodeIgniter\CodeIgniter->handleRequest(null, Object(Config\Cache), false)
 4 FCPATH\index.php(67): CodeIgniter\CodeIgniter->run()
