CRITICAL - 2023-06-25 03:58:30 --> Call to undefined function form_open_multipart()
in APPPATH\Views\lokasi\v_inputlokasi.php on line 149.
 1 SYSTEMPATH\View\View.php(224): include()
 2 SYSTEMPATH\View\View.php(227): CodeIgniter\View\View->CodeIgniter\View\{closure}()
 3 SYSTEMPATH\Common.php(1180): CodeIgniter\View\View->render('lokasi/v_inputlokasi', [], true)
 4 APPPATH\Controllers\Lokasi.php(22): view('lokasi/v_inputlokasi', [...])
 5 SYSTEMPATH\CodeIgniter.php(932): App\Controllers\Lokasi->inputLokasi()
 6 SYSTEMPATH\CodeIgniter.php(497): CodeIgniter\CodeIgniter->runController(Object(App\Controllers\Lokasi))
 7 SYSTEMPATH\CodeIgniter.php(366): CodeIgniter\CodeIgniter->handleRequest(null, Object(Config\Cache), false)
 8 FCPATH\index.php(67): CodeIgniter\CodeIgniter->run()
INFO - 2023-06-25 04:35:54 --> Session: Class initialized using 'CodeIgniter\Session\Handlers\FileHandler' driver.
CRITICAL - 2023-06-25 04:35:54 --> Call to undefined function validation_show_errors()
in APPPATH\Views\lokasi\v_inputlokasi.php on line 154.
 1 SYSTEMPATH\View\View.php(224): include()
 2 SYSTEMPATH\View\View.php(227): CodeIgniter\View\View->CodeIgniter\View\{closure}()
 3 SYSTEMPATH\Common.php(1180): CodeIgniter\View\View->render('lokasi/v_inputlokasi', [], true)
 4 APPPATH\Controllers\Lokasi.php(22): view('lokasi/v_inputlokasi', [...])
 5 SYSTEMPATH\CodeIgniter.php(932): App\Controllers\Lokasi->inputLokasi()
 6 SYSTEMPATH\CodeIgniter.php(497): CodeIgniter\CodeIgniter->runController(Object(App\Controllers\Lokasi))
 7 SYSTEMPATH\CodeIgniter.php(366): CodeIgniter\CodeIgniter->handleRequest(null, Object(Config\Cache), false)
 8 FCPATH\index.php(67): CodeIgniter\CodeIgniter->run()
INFO - 2023-06-25 04:38:08 --> Session: Class initialized using 'CodeIgniter\Session\Handlers\FileHandler' driver.
CRITICAL - 2023-06-25 04:38:08 --> Call to undefined function validation_show_errors()
in APPPATH\Views\lokasi\v_inputlokasi.php on line 154.
 1 SYSTEMPATH\View\View.php(224): include()
 2 SYSTEMPATH\View\View.php(227): CodeIgniter\View\View->CodeIgniter\View\{closure}()
 3 SYSTEMPATH\Common.php(1180): CodeIgniter\View\View->render('lokasi/v_inputlokasi', [], true)
 4 APPPATH\Controllers\Lokasi.php(22): view('lokasi/v_inputlokasi', [...])
 5 SYSTEMPATH\CodeIgniter.php(932): App\Controllers\Lokasi->inputLokasi()
 6 SYSTEMPATH\CodeIgniter.php(497): CodeIgniter\CodeIgniter->runController(Object(App\Controllers\Lokasi))
 7 SYSTEMPATH\CodeIgniter.php(366): CodeIgniter\CodeIgniter->handleRequest(null, Object(Config\Cache), false)
 8 FCPATH\index.php(67): CodeIgniter\CodeIgniter->run()
INFO - 2023-06-25 04:39:27 --> Session: Class initialized using 'CodeIgniter\Session\Handlers\FileHandler' driver.
CRITICAL - 2023-06-25 04:39:27 --> Call to undefined function validation_show_errors()
in APPPATH\Views\lokasi\v_inputlokasi.php on line 154.
 1 SYSTEMPATH\View\View.php(224): include()
 2 SYSTEMPATH\View\View.php(227): CodeIgniter\View\View->CodeIgniter\View\{closure}()
 3 SYSTEMPATH\Common.php(1180): CodeIgniter\View\View->render('lokasi/v_inputlokasi', [], true)
 4 APPPATH\Controllers\Lokasi.php(22): view('lokasi/v_inputlokasi', [...])
 5 SYSTEMPATH\CodeIgniter.php(932): App\Controllers\Lokasi->inputLokasi()
 6 SYSTEMPATH\CodeIgniter.php(497): CodeIgniter\CodeIgniter->runController(Object(App\Controllers\Lokasi))
 7 SYSTEMPATH\CodeIgniter.php(366): CodeIgniter\CodeIgniter->handleRequest(null, Object(Config\Cache), false)
 8 FCPATH\index.php(67): CodeIgniter\CodeIgniter->run()
INFO - 2023-06-25 04:39:36 --> Session: Class initialized using 'CodeIgniter\Session\Handlers\FileHandler' driver.
CRITICAL - 2023-06-25 04:39:36 --> Call to undefined function validation_show_errors()
in APPPATH\Views\lokasi\v_inputlokasi.php on line 154.
 1 SYSTEMPATH\View\View.php(224): include()
 2 SYSTEMPATH\View\View.php(227): CodeIgniter\View\View->CodeIgniter\View\{closure}()
 3 SYSTEMPATH\Common.php(1180): CodeIgniter\View\View->render('lokasi/v_inputlokasi', [], true)
 4 APPPATH\Controllers\Lokasi.php(22): view('lokasi/v_inputlokasi', [...])
 5 SYSTEMPATH\CodeIgniter.php(932): App\Controllers\Lokasi->inputLokasi()
 6 SYSTEMPATH\CodeIgniter.php(497): CodeIgniter\CodeIgniter->runController(Object(App\Controllers\Lokasi))
 7 SYSTEMPATH\CodeIgniter.php(366): CodeIgniter\CodeIgniter->handleRequest(null, Object(Config\Cache), false)
 8 FCPATH\index.php(67): CodeIgniter\CodeIgniter->run()
INFO - 2023-06-25 05:18:27 --> Session: Class initialized using 'CodeIgniter\Session\Handlers\FileHandler' driver.
CRITICAL - 2023-06-25 05:18:27 --> Call to undefined function validation_show_errors()
in APPPATH\Views\lokasi\v_inputlokasi.php on line 154.
 1 SYSTEMPATH\View\View.php(224): include()
 2 SYSTEMPATH\View\View.php(227): CodeIgniter\View\View->CodeIgniter\View\{closure}()
 3 SYSTEMPATH\Common.php(1180): CodeIgniter\View\View->render('lokasi/v_inputlokasi', [], true)
 4 APPPATH\Controllers\Lokasi.php(22): view('lokasi/v_inputlokasi', [...])
 5 SYSTEMPATH\CodeIgniter.php(932): App\Controllers\Lokasi->inputLokasi()
 6 SYSTEMPATH\CodeIgniter.php(497): CodeIgniter\CodeIgniter->runController(Object(App\Controllers\Lokasi))
 7 SYSTEMPATH\CodeIgniter.php(366): CodeIgniter\CodeIgniter->handleRequest(null, Object(Config\Cache), false)
 8 FCPATH\index.php(67): CodeIgniter\CodeIgniter->run()
INFO - 2023-06-25 05:18:34 --> Session: Class initialized using 'CodeIgniter\Session\Handlers\FileHandler' driver.
CRITICAL - 2023-06-25 05:18:34 --> Call to undefined function validation_show_errors()
in APPPATH\Views\lokasi\v_inputlokasi.php on line 154.
 1 SYSTEMPATH\View\View.php(224): include()
 2 SYSTEMPATH\View\View.php(227): CodeIgniter\View\View->CodeIgniter\View\{closure}()
 3 SYSTEMPATH\Common.php(1180): CodeIgniter\View\View->render('lokasi/v_inputlokasi', [], true)
 4 APPPATH\Controllers\Lokasi.php(22): view('lokasi/v_inputlokasi', [...])
 5 SYSTEMPATH\CodeIgniter.php(932): App\Controllers\Lokasi->inputLokasi()
 6 SYSTEMPATH\CodeIgniter.php(497): CodeIgniter\CodeIgniter->runController(Object(App\Controllers\Lokasi))
 7 SYSTEMPATH\CodeIgniter.php(366): CodeIgniter\CodeIgniter->handleRequest(null, Object(Config\Cache), false)
 8 FCPATH\index.php(67): CodeIgniter\CodeIgniter->run()
INFO - 2023-06-25 05:21:47 --> Session: Class initialized using 'CodeIgniter\Session\Handlers\FileHandler' driver.
CRITICAL - 2023-06-25 05:21:47 --> Call to undefined function validation_show_errors()
in APPPATH\Views\lokasi\v_inputlokasi.php on line 154.
 1 SYSTEMPATH\View\View.php(224): include()
 2 SYSTEMPATH\View\View.php(227): CodeIgniter\View\View->CodeIgniter\View\{closure}()
 3 SYSTEMPATH\Common.php(1180): CodeIgniter\View\View->render('lokasi/v_inputlokasi', [], true)
 4 APPPATH\Controllers\Lokasi.php(22): view('lokasi/v_inputlokasi', [...])
 5 SYSTEMPATH\CodeIgniter.php(932): App\Controllers\Lokasi->inputLokasi()
 6 SYSTEMPATH\CodeIgniter.php(497): CodeIgniter\CodeIgniter->runController(Object(App\Controllers\Lokasi))
 7 SYSTEMPATH\CodeIgniter.php(366): CodeIgniter\CodeIgniter->handleRequest(null, Object(Config\Cache), false)
 8 FCPATH\index.php(67): CodeIgniter\CodeIgniter->run()
INFO - 2023-06-25 05:24:25 --> Session: Class initialized using 'CodeIgniter\Session\Handlers\FileHandler' driver.
CRITICAL - 2023-06-25 05:24:25 --> Call to undefined function validation_show_errors()
in APPPATH\Views\lokasi\v_inputlokasi.php on line 154.
 1 SYSTEMPATH\View\View.php(224): include()
 2 SYSTEMPATH\View\View.php(227): CodeIgniter\View\View->CodeIgniter\View\{closure}()
 3 SYSTEMPATH\Common.php(1180): CodeIgniter\View\View->render('lokasi/v_inputlokasi', [], true)
 4 APPPATH\Controllers\Lokasi.php(22): view('lokasi/v_inputlokasi', [...])
 5 SYSTEMPATH\CodeIgniter.php(932): App\Controllers\Lokasi->inputLokasi()
 6 SYSTEMPATH\CodeIgniter.php(497): CodeIgniter\CodeIgniter->runController(Object(App\Controllers\Lokasi))
 7 SYSTEMPATH\CodeIgniter.php(366): CodeIgniter\CodeIgniter->handleRequest(null, Object(Config\Cache), false)
 8 FCPATH\index.php(67): CodeIgniter\CodeIgniter->run()
