WARNING - 2023-07-04 01:31:00 --> [DEPRECATED] Creation of dynamic property App\Controllers\Lokasi::$ModelLokasi is deprecated in APPPATH\Controllers\Lokasi.php on line 11.
 1 SYSTEMPATH\CodeIgniter.php(904): App\Controllers\Lokasi->__construct()
 2 SYSTEMPATH\CodeIgniter.php(488): CodeIgniter\CodeIgniter->createController()
 3 SYSTEMPATH\CodeIgniter.php(366): CodeIgniter\CodeIgniter->handleRequest(null, Object(Config\Cache), false)
 4 FCPATH\index.php(67): CodeIgniter\CodeIgniter->run()
WARNING - 2023-07-04 01:41:14 --> [DEPRECATED] Creation of dynamic property App\Controllers\Lokasi::$ModelLokasi is deprecated in APPPATH\Controllers\Lokasi.php on line 11.
 1 SYSTEMPATH\CodeIgniter.php(904): App\Controllers\Lokasi->__construct()
 2 SYSTEMPATH\CodeIgniter.php(488): CodeIgniter\CodeIgniter->createController()
 3 SYSTEMPATH\CodeIgniter.php(366): CodeIgniter\CodeIgniter->handleRequest(null, Object(Config\Cache), false)
 4 FCPATH\index.php(67): CodeIgniter\CodeIgniter->run()
WARNING - 2023-07-04 01:41:24 --> [DEPRECATED] Creation of dynamic property App\Controllers\Lokasi::$ModelLokasi is deprecated in APPPATH\Controllers\Lokasi.php on line 11.
 1 SYSTEMPATH\CodeIgniter.php(904): App\Controllers\Lokasi->__construct()
 2 SYSTEMPATH\CodeIgniter.php(488): CodeIgniter\CodeIgniter->createController()
 3 SYSTEMPATH\CodeIgniter.php(366): CodeIgniter\CodeIgniter->handleRequest(null, Object(Config\Cache), false)
 4 FCPATH\index.php(67): CodeIgniter\CodeIgniter->run()
WARNING - 2023-07-04 01:44:00 --> [DEPRECATED] Creation of dynamic property App\Controllers\Lokasi::$ModelLokasi is deprecated in APPPATH\Controllers\Lokasi.php on line 11.
 1 SYSTEMPATH\CodeIgniter.php(904): App\Controllers\Lokasi->__construct()
 2 SYSTEMPATH\CodeIgniter.php(488): CodeIgniter\CodeIgniter->createController()
 3 SYSTEMPATH\CodeIgniter.php(366): CodeIgniter\CodeIgniter->handleRequest(null, Object(Config\Cache), false)
 4 FCPATH\index.php(67): CodeIgniter\CodeIgniter->run()
WARNING - 2023-07-04 01:44:33 --> [DEPRECATED] Creation of dynamic property App\Controllers\Lokasi::$ModelLokasi is deprecated in APPPATH\Controllers\Lokasi.php on line 11.
 1 SYSTEMPATH\CodeIgniter.php(904): App\Controllers\Lokasi->__construct()
 2 SYSTEMPATH\CodeIgniter.php(488): CodeIgniter\CodeIgniter->createController()
 3 SYSTEMPATH\CodeIgniter.php(366): CodeIgniter\CodeIgniter->handleRequest(null, Object(Config\Cache), false)
 4 FCPATH\index.php(67): CodeIgniter\CodeIgniter->run()
WARNING - 2023-07-04 01:44:52 --> [DEPRECATED] Creation of dynamic property App\Controllers\Lokasi::$ModelLokasi is deprecated in APPPATH\Controllers\Lokasi.php on line 11.
 1 SYSTEMPATH\CodeIgniter.php(904): App\Controllers\Lokasi->__construct()
 2 SYSTEMPATH\CodeIgniter.php(488): CodeIgniter\CodeIgniter->createController()
 3 SYSTEMPATH\CodeIgniter.php(366): CodeIgniter\CodeIgniter->handleRequest(null, Object(Config\Cache), false)
 4 FCPATH\index.php(67): CodeIgniter\CodeIgniter->run()
WARNING - 2023-07-04 01:46:08 --> [DEPRECATED] Creation of dynamic property App\Controllers\Lokasi::$ModelLokasi is deprecated in APPPATH\Controllers\Lokasi.php on line 11.
 1 SYSTEMPATH\CodeIgniter.php(904): App\Controllers\Lokasi->__construct()
 2 SYSTEMPATH\CodeIgniter.php(488): CodeIgniter\CodeIgniter->createController()
 3 SYSTEMPATH\CodeIgniter.php(366): CodeIgniter\CodeIgniter->handleRequest(null, Object(Config\Cache), false)
 4 FCPATH\index.php(67): CodeIgniter\CodeIgniter->run()
WARNING - 2023-07-04 01:46:22 --> [DEPRECATED] Creation of dynamic property App\Controllers\Lokasi::$ModelLokasi is deprecated in APPPATH\Controllers\Lokasi.php on line 11.
 1 SYSTEMPATH\CodeIgniter.php(904): App\Controllers\Lokasi->__construct()
 2 SYSTEMPATH\CodeIgniter.php(488): CodeIgniter\CodeIgniter->createController()
 3 SYSTEMPATH\CodeIgniter.php(366): CodeIgniter\CodeIgniter->handleRequest(null, Object(Config\Cache), false)
 4 FCPATH\index.php(67): CodeIgniter\CodeIgniter->run()
WARNING - 2023-07-04 01:46:45 --> [DEPRECATED] Creation of dynamic property App\Controllers\Lokasi::$ModelLokasi is deprecated in APPPATH\Controllers\Lokasi.php on line 11.
 1 SYSTEMPATH\CodeIgniter.php(904): App\Controllers\Lokasi->__construct()
 2 SYSTEMPATH\CodeIgniter.php(488): CodeIgniter\CodeIgniter->createController()
 3 SYSTEMPATH\CodeIgniter.php(366): CodeIgniter\CodeIgniter->handleRequest(null, Object(Config\Cache), false)
 4 FCPATH\index.php(67): CodeIgniter\CodeIgniter->run()
WARNING - 2023-07-04 01:46:55 --> [DEPRECATED] Creation of dynamic property App\Controllers\Lokasi::$ModelLokasi is deprecated in APPPATH\Controllers\Lokasi.php on line 11.
 1 SYSTEMPATH\CodeIgniter.php(904): App\Controllers\Lokasi->__construct()
 2 SYSTEMPATH\CodeIgniter.php(488): CodeIgniter\CodeIgniter->createController()
 3 SYSTEMPATH\CodeIgniter.php(366): CodeIgniter\CodeIgniter->handleRequest(null, Object(Config\Cache), false)
 4 FCPATH\index.php(67): CodeIgniter\CodeIgniter->run()
WARNING - 2023-07-04 01:47:16 --> [DEPRECATED] Creation of dynamic property App\Controllers\Lokasi::$ModelLokasi is deprecated in APPPATH\Controllers\Lokasi.php on line 11.
 1 SYSTEMPATH\CodeIgniter.php(904): App\Controllers\Lokasi->__construct()
 2 SYSTEMPATH\CodeIgniter.php(488): CodeIgniter\CodeIgniter->createController()
 3 SYSTEMPATH\CodeIgniter.php(366): CodeIgniter\CodeIgniter->handleRequest(null, Object(Config\Cache), false)
 4 FCPATH\index.php(67): CodeIgniter\CodeIgniter->run()
WARNING - 2023-07-04 01:48:10 --> [DEPRECATED] Creation of dynamic property App\Controllers\Lokasi::$ModelLokasi is deprecated in APPPATH\Controllers\Lokasi.php on line 11.
 1 SYSTEMPATH\CodeIgniter.php(904): App\Controllers\Lokasi->__construct()
 2 SYSTEMPATH\CodeIgniter.php(488): CodeIgniter\CodeIgniter->createController()
 3 SYSTEMPATH\CodeIgniter.php(366): CodeIgniter\CodeIgniter->handleRequest(null, Object(Config\Cache), false)
 4 FCPATH\index.php(67): CodeIgniter\CodeIgniter->run()
WARNING - 2023-07-04 01:48:37 --> [DEPRECATED] Creation of dynamic property App\Controllers\Lokasi::$ModelLokasi is deprecated in APPPATH\Controllers\Lokasi.php on line 11.
 1 SYSTEMPATH\CodeIgniter.php(904): App\Controllers\Lokasi->__construct()
 2 SYSTEMPATH\CodeIgniter.php(488): CodeIgniter\CodeIgniter->createController()
 3 SYSTEMPATH\CodeIgniter.php(366): CodeIgniter\CodeIgniter->handleRequest(null, Object(Config\Cache), false)
 4 FCPATH\index.php(67): CodeIgniter\CodeIgniter->run()
